\BOOKMARK [1][-]{section.1}{\376\377\225\356\230\230\221\315\217\360}{}% 1
\BOOKMARK [2][-]{subsection.1.1}{\376\377\225\356\230\230\200\314\146\157}{section.1}% 2
\BOOKMARK [2][-]{subsection.1.2}{\376\377\225\356\230\230\211\201\154\102}{section.1}% 3
\BOOKMARK [1][-]{section.2}{\376\377\225\356\230\230\122\006\147\220}{}% 4
\BOOKMARK [2][-]{subsection.2.1}{\376\377\225\356\230\230\116\000\166\204\122\006\147\220}{section.2}% 5
\BOOKMARK [2][-]{subsection.2.2}{\376\377\225\356\230\230\116\214\166\204\122\006\147\220}{section.2}% 6
\BOOKMARK [2][-]{subsection.2.3}{\376\377\225\356\230\230\116\011\166\204\122\006\147\220}{section.2}% 7
\BOOKMARK [1][-]{section.3}{\376\377\145\160\143\156\230\204\131\004\164\006}{}% 8
\BOOKMARK [1][-]{section.4}{\376\377\152\041\127\213\120\107\213\276}{}% 9
\BOOKMARK [1][-]{section.5}{\376\377\173\046\123\367\213\364\146\016}{}% 10
\BOOKMARK [1][-]{section.6}{\376\377\152\041\127\213\166\204\136\372\172\313\116\016\154\102\211\343}{}% 11
\BOOKMARK [2][-]{subsection.6.1}{\376\377\225\356\230\230\116\000}{section.6}% 12
\BOOKMARK [2][-]{subsection.6.2}{\376\377\225\356\230\230\116\214}{section.6}% 13
\BOOKMARK [3][-]{subsubsection.6.2.1}{\376\377\133\371\116\216\124\070\226\104\152\041\127\213\166\204\136\372\172\313}{subsection.6.2}% 14
\BOOKMARK [3][-]{subsubsection.6.2.2}{\376\377\166\356\150\007\121\375\145\160\166\204\170\156\133\232}{subsection.6.2}% 15
\BOOKMARK [3][-]{subsubsection.6.2.3}{\376\377\152\041\127\213\154\102\211\343}{subsection.6.2}% 16
\BOOKMARK [2][-]{subsection.6.3}{\376\377\225\356\230\230\116\011}{section.6}% 17
\BOOKMARK [3][-]{subsubsection.6.3.1}{\376\377\116\055\137\303\160\271\221\315\131\015\133\236\232\214}{subsection.6.3}% 18
\BOOKMARK [3][-]{subsubsection.6.3.2}{\376\377\217\271\165\114\143\242\175\042\140\047\133\236\232\214}{subsection.6.3}% 19
\BOOKMARK [3][-]{subsubsection.6.3.3}{\376\377\145\117\141\037\140\047\122\006\147\220\133\236\232\214}{subsection.6.3}% 20
\BOOKMARK [3][-]{subsubsection.6.3.4}{\376\377\232\214\213\301\133\236\232\214}{subsection.6.3}% 21
\BOOKMARK [3][-]{subsubsection.6.3.5}{\376\377\163\257\130\203\126\340\175\040\213\306\122\053\133\236\232\214}{subsection.6.3}% 22
\BOOKMARK [1][-]{section.7}{\376\377\152\041\127\213\166\204\122\006\147\220\116\016\150\300\232\214}{}% 23
\BOOKMARK [1][-]{section.8}{\376\377\152\041\127\213\166\204\213\304\116\367\060\001\145\071\217\333\116\016\143\250\136\177}{}% 24
\BOOKMARK [2][-]{subsection.8.1}{\376\377\225\356\230\230\116\000\377\032}{section.8}% 25
\BOOKMARK [3][-]{subsubsection.8.1.1}{\376\377\213\304\116\367\377\032}{subsection.8.1}% 26
\BOOKMARK [3][-]{subsubsection.8.1.2}{\376\377\145\071\217\333\136\372\213\256\377\032}{subsection.8.1}% 27
\BOOKMARK [2][-]{subsection.8.2}{\376\377\225\356\230\230\116\214\377\032}{section.8}% 28
\BOOKMARK [3][-]{subsubsection.8.2.1}{\376\377\213\304\116\367\377\032}{subsection.8.2}% 29
\BOOKMARK [3][-]{subsubsection.8.2.2}{\376\377\145\071\217\333\136\372\213\256\377\032}{subsection.8.2}% 30
\BOOKMARK [1][-]{section.9}{\376\377\123\302\200\003\145\207\163\056}{}% 31
\BOOKMARK [1][-]{section.10}{\376\377\226\104\137\125}{}% 32
\BOOKMARK [2][-]{subsection.10.1}{\376\377\226\104\137\125\000A\000:\116\343\170\001\220\350\122\006}{section.10}% 33
